2016-04-24 12:19:54,560 INFO  [org.eclim.eclipse.EclimDaemon] Workspace: /home/alex/Dropbox/2016/comp2911/2911
2016-04-24 12:19:54,561 INFO  [org.eclim.eclipse.EclimDaemon] Home: /media/alex/2A54E89754E866D3/LinuxStuff/eclipse/plugins/org.eclim_2.5.0/
2016-04-24 12:19:54,561 INFO  [org.eclim.eclipse.EclimDaemon] Starting eclim...
2016-04-24 12:19:54,588 INFO  [org.eclim.eclipse.EclimDaemon] Loading plugin org.eclim
2016-04-24 12:19:54,590 INFO  [org.eclim.eclipse.EclimDaemon] Loading plugin org.eclim.core
2016-04-24 12:19:54,869 INFO  [org.eclim.plugin.core.CorePlugin] Loading eclim plugins...
2016-04-24 12:19:54,873 INFO  [org.eclim.plugin.core.CorePlugin] Loading plugin org.eclim.adt
2016-04-24 12:19:54,888 INFO  [org.eclim.plugin.core.CorePlugin] Loading plugin org.eclim.cdt
2016-04-24 12:19:54,898 INFO  [org.eclim.plugin.core.CorePlugin] Loading plugin org.eclim.dltk
2016-04-24 12:19:54,914 INFO  [org.eclim.plugin.core.CorePlugin] Loading plugin org.eclim.jdt
2016-04-24 12:19:55,017 INFO  [org.eclim.plugin.core.CorePlugin] Loading plugin org.eclim.pydev
2016-04-24 12:19:55,020 INFO  [org.eclim.plugin.core.CorePlugin] Loading plugin org.eclim.wst
2016-04-24 12:19:55,094 INFO  [org.eclim.plugin.core.CorePlugin] Plugins loaded.
2016-04-24 12:19:55,094 INFO  [org.eclim.eclipse.EclimDaemon] Loaded plugin org.eclim.core
2016-04-24 12:19:55,095 INFO  [org.eclim.eclipse.EclimDaemon] Eclim Server Started on: 127.0.0.1:9091
2016-04-24 16:46:05,324 INFO  [org.eclim.eclipse.EclimDaemon] Shutting down eclim...
2016-04-24 16:46:05,834 INFO  [org.eclim.eclipse.EclimDaemon] Stopping plugin org.eclim.core
2016-04-24 16:46:05,851 INFO  [org.eclim.plugin.core.CorePlugin] Stopping plugin org.eclim.adt
2016-04-24 16:46:05,852 INFO  [org.eclim.plugin.core.CorePlugin] Stopping plugin org.eclim.cdt
2016-04-24 16:46:05,852 INFO  [org.eclim.plugin.core.CorePlugin] Stopping plugin org.eclim.dltk
2016-04-24 16:46:05,852 INFO  [org.eclim.plugin.core.CorePlugin] Stopping plugin org.eclim.jdt
2016-04-24 16:46:05,853 INFO  [org.eclim.plugin.core.CorePlugin] Stopping plugin org.eclim.pydev
2016-04-24 16:46:05,853 INFO  [org.eclim.plugin.core.CorePlugin] Stopping plugin org.eclim.wst
2016-04-24 16:46:05,853 INFO  [org.eclim.eclipse.EclimDaemon] Eclim stopped.
2016-04-24 21:38:00,126 INFO  [org.eclim.eclipse.EclimDaemon] Workspace: /home/alex/Dropbox/2016/comp2911/2911
2016-04-24 21:38:00,128 INFO  [org.eclim.eclipse.EclimDaemon] Home: /media/alex/2A54E89754E866D3/LinuxStuff/eclipse/plugins/org.eclim_2.5.0/
2016-04-24 21:38:00,128 INFO  [org.eclim.eclipse.EclimDaemon] Starting eclim...
2016-04-24 21:38:00,136 INFO  [org.eclim.eclipse.EclimDaemon] Loading plugin org.eclim
2016-04-24 21:38:00,141 INFO  [org.eclim.eclipse.EclimDaemon] Loading plugin org.eclim.core
2016-04-24 21:38:00,339 INFO  [org.eclim.plugin.core.CorePlugin] Loading eclim plugins...
2016-04-24 21:38:00,344 INFO  [org.eclim.plugin.core.CorePlugin] Loading plugin org.eclim.adt
2016-04-24 21:38:00,357 INFO  [org.eclim.plugin.core.CorePlugin] Loading plugin org.eclim.cdt
2016-04-24 21:38:00,377 INFO  [org.eclim.plugin.core.CorePlugin] Loading plugin org.eclim.dltk
2016-04-24 21:38:00,390 INFO  [org.eclim.plugin.core.CorePlugin] Loading plugin org.eclim.jdt
2016-04-24 21:38:00,469 INFO  [org.eclim.plugin.core.CorePlugin] Loading plugin org.eclim.pydev
2016-04-24 21:38:00,477 INFO  [org.eclim.plugin.core.CorePlugin] Loading plugin org.eclim.wst
2016-04-24 21:38:00,519 INFO  [org.eclim.plugin.core.CorePlugin] Plugins loaded.
2016-04-24 21:38:00,519 INFO  [org.eclim.eclipse.EclimDaemon] Loaded plugin org.eclim.core
2016-04-24 21:38:00,520 INFO  [org.eclim.eclipse.EclimDaemon] Eclim Server Started on: 127.0.0.1:9091
