!SESSION 2016-04-24 16:46:09.847 -----------------------------------------------
eclipse.buildId=4.5.2.M20160212-1500
java.version=1.7.0_95
java.vendor=Oracle Corporation
BootLoader constants: OS=linux, ARCH=x86_64, WS=gtk, NL=en_AU
Framework arguments:  -product org.eclipse.epp.package.jee.product -Dosgi.requiredJavaVersion=1.7 -XX:MaxPermSize=256m -Xms256m -Xmx4G -Xverify:none
Command-line arguments:  -os linux -ws gtk -arch x86_64 -product org.eclipse.epp.package.jee.product -Dosgi.requiredJavaVersion=1.7 -XX:MaxPermSize=256m -Xms256m -Xmx4G -Xverify:none

This is a continuation of log file /home/alex/Dropbox/2016/comp2911/2911/.metadata/.bak_0.log
Created Time: 2016-04-24 17:45:22.912

!ENTRY org.eclipse.jdt.ui 4 10001 2016-04-24 17:45:22.912
!MESSAGE Internal Error
!STACK 0
org.eclipse.jface.text.BadPositionCategoryException
	at org.eclipse.jface.text.AbstractDocument.removePositionCategory(AbstractDocument.java:1138)
	at org.eclipse.jdt.internal.ui.javaeditor.SemanticHighlightingPresenter.releaseDocument(SemanticHighlightingPresenter.java:761)
	at org.eclipse.jdt.internal.ui.javaeditor.SemanticHighlightingPresenter.inputDocumentAboutToBeChanged(SemanticHighlightingPresenter.java:571)
	at org.eclipse.jface.text.TextViewer.fireInputDocumentAboutToBeChanged(TextViewer.java:2873)
	at org.eclipse.jface.text.TextViewer.setDocument(TextViewer.java:2929)
	at org.eclipse.jface.text.source.SourceViewer.setDocument(SourceViewer.java:643)
	at org.eclipse.jface.text.source.projection.ProjectionViewer.setDocument(ProjectionViewer.java:375)
	at org.eclipse.jface.text.source.SourceViewer.setDocument(SourceViewer.java:577)
	at org.eclipse.jface.text.TextViewer.handleDispose(TextViewer.java:1895)
	at org.eclipse.jface.text.source.SourceViewer.handleDispose(SourceViewer.java:776)
	at org.eclipse.jface.text.source.projection.ProjectionViewer.handleDispose(ProjectionViewer.java:1330)
	at org.eclipse.jdt.internal.ui.javaeditor.JavaSourceViewer.handleDispose(JavaSourceViewer.java:507)
	at org.eclipse.jface.text.TextViewer$2.widgetDisposed(TextViewer.java:1802)
	at org.eclipse.swt.widgets.TypedListener.handleEvent(TypedListener.java:123)
	at org.eclipse.swt.widgets.EventTable.sendEvent(EventTable.java:84)
	at org.eclipse.swt.widgets.Display.sendEvent(Display.java:4481)
	at org.eclipse.swt.widgets.Widget.sendEvent(Widget.java:1329)
	at org.eclipse.swt.widgets.Widget.sendEvent(Widget.java:1353)
	at org.eclipse.swt.widgets.Widget.sendEvent(Widget.java:1338)
	at org.eclipse.swt.widgets.Widget.notifyListeners(Widget.java:1119)
	at org.eclipse.swt.custom.StyledText.handleDispose(StyledText.java:5874)
	at org.eclipse.swt.custom.StyledText$7.handleEvent(StyledText.java:5684)
	at org.eclipse.swt.widgets.EventTable.sendEvent(EventTable.java:84)
	at org.eclipse.swt.widgets.Display.sendEvent(Display.java:4481)
	at org.eclipse.swt.widgets.Widget.sendEvent(Widget.java:1329)
	at org.eclipse.swt.widgets.Widget.sendEvent(Widget.java:1353)
	at org.eclipse.swt.widgets.Widget.sendEvent(Widget.java:1334)
	at org.eclipse.swt.widgets.Widget.release(Widget.java:1138)
	at org.eclipse.swt.widgets.Control.release(Control.java:3814)
	at org.eclipse.swt.widgets.Composite.releaseChildren(Composite.java:1376)
	at org.eclipse.swt.widgets.Canvas.releaseChildren(Canvas.java:227)
	at org.eclipse.swt.widgets.Widget.release(Widget.java:1141)
	at org.eclipse.swt.widgets.Control.release(Control.java:3814)
	at org.eclipse.swt.widgets.Composite.releaseChildren(Composite.java:1376)
	at org.eclipse.swt.widgets.Widget.release(Widget.java:1141)
	at org.eclipse.swt.widgets.Control.release(Control.java:3814)
	at org.eclipse.swt.widgets.Composite.releaseChildren(Composite.java:1376)
	at org.eclipse.swt.widgets.Widget.release(Widget.java:1141)
	at org.eclipse.swt.widgets.Control.release(Control.java:3814)
	at org.eclipse.swt.widgets.Composite.releaseChildren(Composite.java:1376)
	at org.eclipse.swt.widgets.Widget.release(Widget.java:1141)
	at org.eclipse.swt.widgets.Control.release(Control.java:3814)
	at org.eclipse.swt.widgets.Composite.releaseChildren(Composite.java:1376)
	at org.eclipse.swt.widgets.Widget.release(Widget.java:1141)
	at org.eclipse.swt.widgets.Control.release(Control.java:3814)
	at org.eclipse.swt.widgets.Composite.releaseChildren(Composite.java:1376)
	at org.eclipse.swt.widgets.Widget.release(Widget.java:1141)
	at org.eclipse.swt.widgets.Control.release(Control.java:3814)
	at org.eclipse.swt.widgets.Composite.releaseChildren(Composite.java:1376)
	at org.eclipse.swt.widgets.Widget.release(Widget.java:1141)
	at org.eclipse.swt.widgets.Control.release(Control.java:3814)
	at org.eclipse.swt.widgets.Widget.dispose(Widget.java:478)
	at org.eclipse.e4.ui.workbench.renderers.swt.SWTPartRenderer.disposeWidget(SWTPartRenderer.java:177)
	at org.eclipse.e4.ui.workbench.renderers.swt.ContributedPartRenderer.disposeWidget(ContributedPartRenderer.java:272)
	at org.eclipse.e4.ui.internal.workbench.swt.PartRenderingEngine.safeRemoveGui(PartRenderingEngine.java:914)
	at org.eclipse.e4.ui.internal.workbench.swt.PartRenderingEngine.access$1(PartRenderingEngine.java:842)
	at org.eclipse.e4.ui.internal.workbench.swt.PartRenderingEngine$3.run(PartRenderingEngine.java:837)
	at org.eclipse.core.runtime.SafeRunner.run(SafeRunner.java:42)
	at org.eclipse.e4.ui.internal.workbench.swt.PartRenderingEngine.removeGui(PartRenderingEngine.java:821)
	at org.eclipse.e4.ui.internal.workbench.swt.PartRenderingEngine.subscribeTopicToBeRendered(PartRenderingEngine.java:161)
	at sun.reflect.NativeMethodAccessorImpl.invoke0(Native Method)
	at sun.reflect.NativeMethodAccessorImpl.invoke(NativeMethodAccessorImpl.java:57)
	at sun.reflect.DelegatingMethodAccessorImpl.invoke(DelegatingMethodAccessorImpl.java:43)
	at java.lang.reflect.Method.invoke(Method.java:606)
	at org.eclipse.e4.core.internal.di.MethodRequestor.execute(MethodRequestor.java:56)
	at org.eclipse.e4.core.di.internal.extensions.EventObjectSupplier$DIEventHandler.handleEvent(EventObjectSupplier.java:83)
	at org.eclipse.equinox.internal.event.EventHandlerWrapper.handleEvent(EventHandlerWrapper.java:197)
	at org.eclipse.equinox.internal.event.EventHandlerTracker.dispatchEvent(EventHandlerTracker.java:197)
	at org.eclipse.equinox.internal.event.EventHandlerTracker.dispatchEvent(EventHandlerTracker.java:1)
	at org.eclipse.osgi.framework.eventmgr.EventManager.dispatchEvent(EventManager.java:230)
	at org.eclipse.osgi.framework.eventmgr.ListenerQueue.dispatchEventSynchronous(ListenerQueue.java:148)
	at org.eclipse.equinox.internal.event.EventAdminImpl.dispatchEvent(EventAdminImpl.java:135)
	at org.eclipse.equinox.internal.event.EventAdminImpl.sendEvent(EventAdminImpl.java:78)
	at org.eclipse.equinox.internal.event.EventComponent.sendEvent(EventComponent.java:39)
	at org.eclipse.e4.ui.services.internal.events.EventBroker.send(EventBroker.java:85)
	at org.eclipse.e4.ui.internal.workbench.UIEventPublisher.notifyChanged(UIEventPublisher.java:59)
	at org.eclipse.emf.common.notify.impl.BasicNotifierImpl.eNotify(BasicNotifierImpl.java:374)
	at org.eclipse.e4.ui.model.application.ui.impl.UIElementImpl.setToBeRendered(UIElementImpl.java:303)
	at org.eclipse.e4.ui.internal.workbench.PartServiceImpl.hidePart(PartServiceImpl.java:1302)
	at org.eclipse.e4.ui.internal.workbench.PartServiceImpl.hidePart(PartServiceImpl.java:1236)
	at org.eclipse.e4.ui.workbench.renderers.swt.StackRenderer.closePart(StackRenderer.java:1278)
	at org.eclipse.e4.ui.workbench.renderers.swt.StackRenderer.access$4(StackRenderer.java:1260)
	at org.eclipse.e4.ui.workbench.renderers.swt.StackRenderer$11.close(StackRenderer.java:1145)
	at org.eclipse.swt.custom.CTabFolder.onMouse(CTabFolder.java:1921)
	at org.eclipse.swt.custom.CTabFolder$1.handleEvent(CTabFolder.java:335)
	at org.eclipse.swt.widgets.EventTable.sendEvent(EventTable.java:84)
	at org.eclipse.swt.widgets.Display.sendEvent(Display.java:4481)
	at org.eclipse.swt.widgets.Widget.sendEvent(Widget.java:1329)
	at org.eclipse.swt.widgets.Display.runDeferredEvents(Display.java:3819)
	at org.eclipse.swt.widgets.Display.readAndDispatch(Display.java:3430)
	at org.eclipse.e4.ui.internal.workbench.swt.PartRenderingEngine$4.run(PartRenderingEngine.java:1127)
	at org.eclipse.core.databinding.observable.Realm.runWithDefault(Realm.java:337)
	at org.eclipse.e4.ui.internal.workbench.swt.PartRenderingEngine.run(PartRenderingEngine.java:1018)
	at org.eclipse.e4.ui.internal.workbench.E4Workbench.createAndRunUI(E4Workbench.java:156)
	at org.eclipse.ui.internal.Workbench$5.run(Workbench.java:694)
	at org.eclipse.core.databinding.observable.Realm.runWithDefault(Realm.java:337)
	at org.eclipse.ui.internal.Workbench.createAndRunWorkbench(Workbench.java:606)
	at org.eclipse.ui.PlatformUI.createAndRunWorkbench(PlatformUI.java:150)
	at org.eclipse.ui.internal.ide.application.IDEApplication.start(IDEApplication.java:139)
	at org.eclipse.equinox.internal.app.EclipseAppHandle.run(EclipseAppHandle.java:196)
	at org.eclipse.core.runtime.internal.adaptor.EclipseAppLauncher.runApplication(EclipseAppLauncher.java:134)
	at org.eclipse.core.runtime.internal.adaptor.EclipseAppLauncher.start(EclipseAppLauncher.java:104)
	at org.eclipse.core.runtime.adaptor.EclipseStarter.run(EclipseStarter.java:380)
	at org.eclipse.core.runtime.adaptor.EclipseStarter.run(EclipseStarter.java:235)
	at sun.reflect.NativeMethodAccessorImpl.invoke0(Native Method)
	at sun.reflect.NativeMethodAccessorImpl.invoke(NativeMethodAccessorImpl.java:57)
	at sun.reflect.DelegatingMethodAccessorImpl.invoke(DelegatingMethodAccessorImpl.java:43)
	at java.lang.reflect.Method.invoke(Method.java:606)
	at org.eclipse.equinox.launcher.Main.invokeFramework(Main.java:669)
	at org.eclipse.equinox.launcher.Main.basicRun(Main.java:608)
	at org.eclipse.equinox.launcher.Main.run(Main.java:1515)
	at org.eclipse.equinox.launcher.Main.main(Main.java:1488)

!ENTRY net.sourceforge.vrapper.eclipse 4 0 2016-04-24 17:47:34.040
!MESSAGE Exception during closing IWorkbenchPart
!STACK 0
net.sourceforge.vrapper.platform.VrapperPlatformException: Failed to delete position category
	at net.sourceforge.vrapper.eclipse.platform.EclipseCursorAndSelection.uninstallHooks(EclipseCursorAndSelection.java:141)
	at net.sourceforge.vrapper.eclipse.interceptor.InputInterceptorManager.partClosed(InputInterceptorManager.java:239)
	at net.sourceforge.vrapper.eclipse.interceptor.InputInterceptorManager.partInputChanged(InputInterceptorManager.java:403)
	at org.eclipse.ui.internal.PartService$13.run(PartService.java:240)
	at org.eclipse.core.runtime.SafeRunner.run(SafeRunner.java:42)
	at org.eclipse.ui.internal.PartService.partInputChanged(PartService.java:237)
	at org.eclipse.ui.internal.WorkbenchPage$26.run(WorkbenchPage.java:5202)
	at org.eclipse.core.runtime.SafeRunner.run(SafeRunner.java:42)
	at org.eclipse.ui.internal.WorkbenchPage.firePartInputChanged(WorkbenchPage.java:5199)
	at org.eclipse.ui.internal.e4.compatibility.CompatibilityPart$4.propertyChanged(CompatibilityPart.java:384)
	at org.eclipse.ui.part.WorkbenchPart.firePropertyChange(WorkbenchPart.java:129)
	at org.eclipse.ui.texteditor.AbstractTextEditor.firePropertyChange(AbstractTextEditor.java:6387)
	at org.eclipse.ui.texteditor.AbstractTextEditor.setInputWithNotify(AbstractTextEditor.java:4305)
	at org.eclipse.ui.texteditor.AbstractTextEditor.setInput(AbstractTextEditor.java:4319)
	at org.eclipse.ui.internal.WorkbenchPage.reuseEditor(WorkbenchPage.java:3079)
	at org.eclipse.ui.internal.WorkbenchPage.busyOpenEditor(WorkbenchPage.java:3228)
	at org.eclipse.ui.internal.WorkbenchPage.access$25(WorkbenchPage.java:3167)
	at org.eclipse.ui.internal.WorkbenchPage$10.run(WorkbenchPage.java:3149)
	at org.eclipse.swt.custom.BusyIndicator.showWhile(BusyIndicator.java:70)
	at org.eclipse.ui.internal.WorkbenchPage.openEditor(WorkbenchPage.java:3144)
	at org.eclipse.ui.internal.WorkbenchPage.openEditor(WorkbenchPage.java:3108)
	at org.eclipse.ui.internal.WorkbenchPage.openEditor(WorkbenchPage.java:3098)
	at org.eclipse.jdt.internal.ui.javaeditor.EditorUtility.openInEditor(EditorUtility.java:373)
	at org.eclipse.jdt.internal.ui.javaeditor.EditorUtility.openInEditor(EditorUtility.java:179)
	at org.eclipse.jdt.ui.actions.OpenAction.run(OpenAction.java:268)
	at org.eclipse.jdt.ui.actions.OpenAction.run(OpenAction.java:233)
	at org.eclipse.jdt.ui.actions.SelectionDispatchAction.dispatchRun(SelectionDispatchAction.java:275)
	at org.eclipse.jdt.ui.actions.SelectionDispatchAction.run(SelectionDispatchAction.java:251)
	at org.eclipse.jdt.internal.ui.packageview.PackageExplorerActionGroup.handleOpen(PackageExplorerActionGroup.java:376)
	at org.eclipse.jdt.internal.ui.packageview.PackageExplorerPart$4.open(PackageExplorerPart.java:538)
	at org.eclipse.ui.OpenAndLinkWithEditorHelper$InternalListener.open(OpenAndLinkWithEditorHelper.java:48)
	at org.eclipse.jface.viewers.StructuredViewer$2.run(StructuredViewer.java:854)
	at org.eclipse.core.runtime.SafeRunner.run(SafeRunner.java:42)
	at org.eclipse.ui.internal.JFaceUtil$1.run(JFaceUtil.java:50)
	at org.eclipse.jface.util.SafeRunnable.run(SafeRunnable.java:173)
	at org.eclipse.jface.viewers.StructuredViewer.fireOpen(StructuredViewer.java:851)
	at org.eclipse.jface.viewers.StructuredViewer.handleOpen(StructuredViewer.java:1168)
	at org.eclipse.jface.viewers.StructuredViewer$6.handleOpen(StructuredViewer.java:1275)
	at org.eclipse.jface.util.OpenStrategy.fireOpenEvent(OpenStrategy.java:278)
	at org.eclipse.jface.util.OpenStrategy.access$2(OpenStrategy.java:272)
	at org.eclipse.jface.util.OpenStrategy$1.handleEvent(OpenStrategy.java:313)
	at org.eclipse.swt.widgets.EventTable.sendEvent(EventTable.java:84)
	at org.eclipse.swt.widgets.Display.sendEvent(Display.java:4481)
	at org.eclipse.swt.widgets.Widget.sendEvent(Widget.java:1329)
	at org.eclipse.swt.widgets.Display.runDeferredEvents(Display.java:3819)
	at org.eclipse.swt.widgets.Display.readAndDispatch(Display.java:3430)
	at org.eclipse.e4.ui.internal.workbench.swt.PartRenderingEngine$4.run(PartRenderingEngine.java:1127)
	at org.eclipse.core.databinding.observable.Realm.runWithDefault(Realm.java:337)
	at org.eclipse.e4.ui.internal.workbench.swt.PartRenderingEngine.run(PartRenderingEngine.java:1018)
	at org.eclipse.e4.ui.internal.workbench.E4Workbench.createAndRunUI(E4Workbench.java:156)
	at org.eclipse.ui.internal.Workbench$5.run(Workbench.java:694)
	at org.eclipse.core.databinding.observable.Realm.runWithDefault(Realm.java:337)
	at org.eclipse.ui.internal.Workbench.createAndRunWorkbench(Workbench.java:606)
	at org.eclipse.ui.PlatformUI.createAndRunWorkbench(PlatformUI.java:150)
	at org.eclipse.ui.internal.ide.application.IDEApplication.start(IDEApplication.java:139)
	at org.eclipse.equinox.internal.app.EclipseAppHandle.run(EclipseAppHandle.java:196)
	at org.eclipse.core.runtime.internal.adaptor.EclipseAppLauncher.runApplication(EclipseAppLauncher.java:134)
	at org.eclipse.core.runtime.internal.adaptor.EclipseAppLauncher.start(EclipseAppLauncher.java:104)
	at org.eclipse.core.runtime.adaptor.EclipseStarter.run(EclipseStarter.java:380)
	at org.eclipse.core.runtime.adaptor.EclipseStarter.run(EclipseStarter.java:235)
	at sun.reflect.NativeMethodAccessorImpl.invoke0(Native Method)
	at sun.reflect.NativeMethodAccessorImpl.invoke(NativeMethodAccessorImpl.java:57)
	at sun.reflect.DelegatingMethodAccessorImpl.invoke(DelegatingMethodAccessorImpl.java:43)
	at java.lang.reflect.Method.invoke(Method.java:606)
	at org.eclipse.equinox.launcher.Main.invokeFramework(Main.java:669)
	at org.eclipse.equinox.launcher.Main.basicRun(Main.java:608)
	at org.eclipse.equinox.launcher.Main.run(Main.java:1515)
	at org.eclipse.equinox.launcher.Main.main(Main.java:1488)
Caused by: org.eclipse.jface.text.BadPositionCategoryException
	at org.eclipse.jface.text.AbstractDocument.removePositionCategory(AbstractDocument.java:1138)
	at net.sourceforge.vrapper.eclipse.platform.EclipseCursorAndSelection.uninstallHooks(EclipseCursorAndSelection.java:137)
	... 67 more

!ENTRY net.sourceforge.vrapper.eclipse 4 0 2016-04-24 17:50:03.409
!MESSAGE Command not handled: org.eclipse.ui.navigate.forwardHistory
!STACK 0
org.eclipse.core.commands.NotEnabledException: Trying to execute the disabled command org.eclipse.ui.navigate.forwardHistory
	at org.eclipse.core.commands.Command.executeWithChecks(Command.java:484)
	at org.eclipse.core.commands.ParameterizedCommand.executeWithChecks(ParameterizedCommand.java:486)
	at org.eclipse.e4.core.commands.internal.HandlerServiceImpl.executeHandler(HandlerServiceImpl.java:210)
	at org.eclipse.ui.internal.handlers.LegacyHandlerService.executeCommand(LegacyHandlerService.java:343)
	at net.sourceforge.vrapper.eclipse.commands.EclipseCommand.executeAction(EclipseCommand.java:79)
	at net.sourceforge.vrapper.eclipse.commands.EclipseCommand.doIt(EclipseCommand.java:67)
	at net.sourceforge.vrapper.eclipse.commands.EclipseCommand.execute(EclipseCommand.java:32)
	at net.sourceforge.vrapper.vim.commands.CommandWrappers$1.execute(CommandWrappers.java:23)
	at net.sourceforge.vrapper.vim.modes.CommandBasedMode.executeCommand(CommandBasedMode.java:262)
	at net.sourceforge.vrapper.vim.modes.CommandBasedMode.handleKey(CommandBasedMode.java:316)
	at net.sourceforge.vrapper.vim.DefaultEditorAdaptor.handleKey0(DefaultEditorAdaptor.java:724)
	at net.sourceforge.vrapper.vim.DefaultEditorAdaptor.handleKeyOffRecord(DefaultEditorAdaptor.java:429)
	at net.sourceforge.vrapper.vim.DefaultEditorAdaptor.handleKey(DefaultEditorAdaptor.java:424)
	at net.sourceforge.vrapper.eclipse.interceptor.VimInputInterceptorFactory$VimInputInterceptor.verifyKey(VimInputInterceptorFactory.java:277)
	at org.eclipse.jface.text.TextViewer$VerifyKeyListenersManager.verifyKey(TextViewer.java:493)
	at org.eclipse.swt.custom.StyledTextListener.handleEvent(StyledTextListener.java:66)
	at org.eclipse.swt.widgets.EventTable.sendEvent(EventTable.java:84)
	at org.eclipse.swt.widgets.Display.sendEvent(Display.java:4481)
	at org.eclipse.swt.widgets.Widget.sendEvent(Widget.java:1329)
	at org.eclipse.swt.widgets.Widget.sendEvent(Widget.java:1353)
	at org.eclipse.swt.widgets.Widget.sendEvent(Widget.java:1338)
	at org.eclipse.swt.widgets.Widget.notifyListeners(Widget.java:1119)
	at org.eclipse.swt.custom.StyledText.handleKeyDown(StyledText.java:5993)
	at org.eclipse.swt.custom.StyledText$7.handleEvent(StyledText.java:5685)
	at org.eclipse.swt.widgets.EventTable.sendEvent(EventTable.java:84)
	at org.eclipse.swt.widgets.Display.sendEvent(Display.java:4481)
	at org.eclipse.swt.widgets.Widget.sendEvent(Widget.java:1329)
	at org.eclipse.swt.widgets.Widget.sendEvent(Widget.java:1353)
	at org.eclipse.swt.widgets.Widget.sendEvent(Widget.java:1338)
	at org.eclipse.swt.widgets.Widget.sendKeyEvent(Widget.java:1365)
	at org.eclipse.swt.widgets.Widget.gtk_key_press_event(Widget.java:763)
	at org.eclipse.swt.widgets.Control.gtk_key_press_event(Control.java:3325)
	at org.eclipse.swt.widgets.Composite.gtk_key_press_event(Composite.java:793)
	at org.eclipse.swt.widgets.Widget.windowProc(Widget.java:1980)
	at org.eclipse.swt.widgets.Control.windowProc(Control.java:5685)
	at org.eclipse.swt.widgets.Display.windowProc(Display.java:4717)
	at org.eclipse.swt.internal.gtk.OS._gtk_main_do_event(Native Method)
	at org.eclipse.swt.internal.gtk.OS.gtk_main_do_event(OS.java:9326)
	at org.eclipse.swt.widgets.Display.eventProc(Display.java:1225)
	at org.eclipse.swt.internal.gtk.OS._g_main_context_iteration(Native Method)
	at org.eclipse.swt.internal.gtk.OS.g_main_context_iteration(OS.java:2435)
	at org.eclipse.swt.widgets.Display.readAndDispatch(Display.java:3428)
	at org.eclipse.e4.ui.internal.workbench.swt.PartRenderingEngine$4.run(PartRenderingEngine.java:1127)
	at org.eclipse.core.databinding.observable.Realm.runWithDefault(Realm.java:337)
	at org.eclipse.e4.ui.internal.workbench.swt.PartRenderingEngine.run(PartRenderingEngine.java:1018)
	at org.eclipse.e4.ui.internal.workbench.E4Workbench.createAndRunUI(E4Workbench.java:156)
	at org.eclipse.ui.internal.Workbench$5.run(Workbench.java:694)
	at org.eclipse.core.databinding.observable.Realm.runWithDefault(Realm.java:337)
	at org.eclipse.ui.internal.Workbench.createAndRunWorkbench(Workbench.java:606)
	at org.eclipse.ui.PlatformUI.createAndRunWorkbench(PlatformUI.java:150)
	at org.eclipse.ui.internal.ide.application.IDEApplication.start(IDEApplication.java:139)
	at org.eclipse.equinox.internal.app.EclipseAppHandle.run(EclipseAppHandle.java:196)
	at org.eclipse.core.runtime.internal.adaptor.EclipseAppLauncher.runApplication(EclipseAppLauncher.java:134)
	at org.eclipse.core.runtime.internal.adaptor.EclipseAppLauncher.start(EclipseAppLauncher.java:104)
	at org.eclipse.core.runtime.adaptor.EclipseStarter.run(EclipseStarter.java:380)
	at org.eclipse.core.runtime.adaptor.EclipseStarter.run(EclipseStarter.java:235)
	at sun.reflect.NativeMethodAccessorImpl.invoke0(Native Method)
	at sun.reflect.NativeMethodAccessorImpl.invoke(NativeMethodAccessorImpl.java:57)
	at sun.reflect.DelegatingMethodAccessorImpl.invoke(DelegatingMethodAccessorImpl.java:43)
	at java.lang.reflect.Method.invoke(Method.java:606)
	at org.eclipse.equinox.launcher.Main.invokeFramework(Main.java:669)
	at org.eclipse.equinox.launcher.Main.basicRun(Main.java:608)
	at org.eclipse.equinox.launcher.Main.run(Main.java:1515)
	at org.eclipse.equinox.launcher.Main.main(Main.java:1488)

!ENTRY net.sourceforge.vrapper.eclipse 4 0 2016-04-24 17:50:03.809
!MESSAGE Command not handled: org.eclipse.ui.navigate.forwardHistory
!STACK 0
org.eclipse.core.commands.NotEnabledException: Trying to execute the disabled command org.eclipse.ui.navigate.forwardHistory
	at org.eclipse.core.commands.Command.executeWithChecks(Command.java:484)
	at org.eclipse.core.commands.ParameterizedCommand.executeWithChecks(ParameterizedCommand.java:486)
	at org.eclipse.e4.core.commands.internal.HandlerServiceImpl.executeHandler(HandlerServiceImpl.java:210)
	at org.eclipse.ui.internal.handlers.LegacyHandlerService.executeCommand(LegacyHandlerService.java:343)
	at net.sourceforge.vrapper.eclipse.commands.EclipseCommand.executeAction(EclipseCommand.java:79)
	at net.sourceforge.vrapper.eclipse.commands.EclipseCommand.doIt(EclipseCommand.java:67)
	at net.sourceforge.vrapper.eclipse.commands.EclipseCommand.execute(EclipseCommand.java:32)
	at net.sourceforge.vrapper.vim.commands.CommandWrappers$1.execute(CommandWrappers.java:23)
	at net.sourceforge.vrapper.vim.modes.CommandBasedMode.executeCommand(CommandBasedMode.java:262)
	at net.sourceforge.vrapper.vim.modes.CommandBasedMode.handleKey(CommandBasedMode.java:316)
	at net.sourceforge.vrapper.vim.DefaultEditorAdaptor.handleKey0(DefaultEditorAdaptor.java:724)
	at net.sourceforge.vrapper.vim.DefaultEditorAdaptor.handleKeyOffRecord(DefaultEditorAdaptor.java:429)
	at net.sourceforge.vrapper.vim.DefaultEditorAdaptor.handleKey(DefaultEditorAdaptor.java:424)
	at net.sourceforge.vrapper.eclipse.interceptor.VimInputInterceptorFactory$VimInputInterceptor.verifyKey(VimInputInterceptorFactory.java:277)
	at org.eclipse.jface.text.TextViewer$VerifyKeyListenersManager.verifyKey(TextViewer.java:493)
	at org.eclipse.swt.custom.StyledTextListener.handleEvent(StyledTextListener.java:66)
	at org.eclipse.swt.widgets.EventTable.sendEvent(EventTable.java:84)
	at org.eclipse.swt.widgets.Display.sendEvent(Display.java:4481)
	at org.eclipse.swt.widgets.Widget.sendEvent(Widget.java:1329)
	at org.eclipse.swt.widgets.Widget.sendEvent(Widget.java:1353)
	at org.eclipse.swt.widgets.Widget.sendEvent(Widget.java:1338)
	at org.eclipse.swt.widgets.Widget.notifyListeners(Widget.java:1119)
	at org.eclipse.swt.custom.StyledText.handleKeyDown(StyledText.java:5993)
	at org.eclipse.swt.custom.StyledText$7.handleEvent(StyledText.java:5685)
	at org.eclipse.swt.widgets.EventTable.sendEvent(EventTable.java:84)
	at org.eclipse.swt.widgets.Display.sendEvent(Display.java:4481)
	at org.eclipse.swt.widgets.Widget.sendEvent(Widget.java:1329)
	at org.eclipse.swt.widgets.Widget.sendEvent(Widget.java:1353)
	at org.eclipse.swt.widgets.Widget.sendEvent(Widget.java:1338)
	at org.eclipse.swt.widgets.Widget.sendKeyEvent(Widget.java:1365)
	at org.eclipse.swt.widgets.Widget.gtk_key_press_event(Widget.java:763)
	at org.eclipse.swt.widgets.Control.gtk_key_press_event(Control.java:3325)
	at org.eclipse.swt.widgets.Composite.gtk_key_press_event(Composite.java:793)
	at org.eclipse.swt.widgets.Widget.windowProc(Widget.java:1980)
	at org.eclipse.swt.widgets.Control.windowProc(Control.java:5685)
	at org.eclipse.swt.widgets.Display.windowProc(Display.java:4717)
	at org.eclipse.swt.internal.gtk.OS._gtk_main_do_event(Native Method)
	at org.eclipse.swt.internal.gtk.OS.gtk_main_do_event(OS.java:9326)
	at org.eclipse.swt.widgets.Display.eventProc(Display.java:1225)
	at org.eclipse.swt.internal.gtk.OS._g_main_context_iteration(Native Method)
	at org.eclipse.swt.internal.gtk.OS.g_main_context_iteration(OS.java:2435)
	at org.eclipse.swt.widgets.Display.readAndDispatch(Display.java:3428)
	at org.eclipse.e4.ui.internal.workbench.swt.PartRenderingEngine$4.run(PartRenderingEngine.java:1127)
	at org.eclipse.core.databinding.observable.Realm.runWithDefault(Realm.java:337)
	at org.eclipse.e4.ui.internal.workbench.swt.PartRenderingEngine.run(PartRenderingEngine.java:1018)
	at org.eclipse.e4.ui.internal.workbench.E4Workbench.createAndRunUI(E4Workbench.java:156)
	at org.eclipse.ui.internal.Workbench$5.run(Workbench.java:694)
	at org.eclipse.core.databinding.observable.Realm.runWithDefault(Realm.java:337)
	at org.eclipse.ui.internal.Workbench.createAndRunWorkbench(Workbench.java:606)
	at org.eclipse.ui.PlatformUI.createAndRunWorkbench(PlatformUI.java:150)
	at org.eclipse.ui.internal.ide.application.IDEApplication.start(IDEApplication.java:139)
	at org.eclipse.equinox.internal.app.EclipseAppHandle.run(EclipseAppHandle.java:196)
	at org.eclipse.core.runtime.internal.adaptor.EclipseAppLauncher.runApplication(EclipseAppLauncher.java:134)
	at org.eclipse.core.runtime.internal.adaptor.EclipseAppLauncher.start(EclipseAppLauncher.java:104)
	at org.eclipse.core.runtime.adaptor.EclipseStarter.run(EclipseStarter.java:380)
	at org.eclipse.core.runtime.adaptor.EclipseStarter.run(EclipseStarter.java:235)
	at sun.reflect.NativeMethodAccessorImpl.invoke0(Native Method)
	at sun.reflect.NativeMethodAccessorImpl.invoke(NativeMethodAccessorImpl.java:57)
	at sun.reflect.DelegatingMethodAccessorImpl.invoke(DelegatingMethodAccessorImpl.java:43)
	at java.lang.reflect.Method.invoke(Method.java:606)
	at org.eclipse.equinox.launcher.Main.invokeFramework(Main.java:669)
	at org.eclipse.equinox.launcher.Main.basicRun(Main.java:608)
	at org.eclipse.equinox.launcher.Main.run(Main.java:1515)
	at org.eclipse.equinox.launcher.Main.main(Main.java:1488)

!ENTRY net.sourceforge.vrapper.eclipse 4 0 2016-04-24 18:04:11.277
!MESSAGE Exception during closing IWorkbenchPart
!STACK 0
net.sourceforge.vrapper.platform.VrapperPlatformException: Failed to delete position category
	at net.sourceforge.vrapper.eclipse.platform.EclipseCursorAndSelection.uninstallHooks(EclipseCursorAndSelection.java:141)
	at net.sourceforge.vrapper.eclipse.interceptor.InputInterceptorManager.partClosed(InputInterceptorManager.java:239)
	at net.sourceforge.vrapper.eclipse.interceptor.InputInterceptorManager.partInputChanged(InputInterceptorManager.java:403)
	at org.eclipse.ui.internal.PartService$13.run(PartService.java:240)
	at org.eclipse.core.runtime.SafeRunner.run(SafeRunner.java:42)
	at org.eclipse.ui.internal.PartService.partInputChanged(PartService.java:237)
	at org.eclipse.ui.internal.WorkbenchPage$26.run(WorkbenchPage.java:5202)
	at org.eclipse.core.runtime.SafeRunner.run(SafeRunner.java:42)
	at org.eclipse.ui.internal.WorkbenchPage.firePartInputChanged(WorkbenchPage.java:5199)
	at org.eclipse.ui.internal.e4.compatibility.CompatibilityPart$4.propertyChanged(CompatibilityPart.java:384)
	at org.eclipse.ui.part.WorkbenchPart.firePropertyChange(WorkbenchPart.java:129)
	at org.eclipse.ui.texteditor.AbstractTextEditor.firePropertyChange(AbstractTextEditor.java:6387)
	at org.eclipse.ui.texteditor.AbstractTextEditor.setInputWithNotify(AbstractTextEditor.java:4305)
	at org.eclipse.ui.texteditor.AbstractTextEditor.setInput(AbstractTextEditor.java:4319)
	at org.eclipse.ui.internal.WorkbenchPage.reuseEditor(WorkbenchPage.java:3079)
	at org.eclipse.ui.internal.WorkbenchPage.busyOpenEditor(WorkbenchPage.java:3228)
	at org.eclipse.ui.internal.WorkbenchPage.access$25(WorkbenchPage.java:3167)
	at org.eclipse.ui.internal.WorkbenchPage$10.run(WorkbenchPage.java:3149)
	at org.eclipse.swt.custom.BusyIndicator.showWhile(BusyIndicator.java:70)
	at org.eclipse.ui.internal.WorkbenchPage.openEditor(WorkbenchPage.java:3144)
	at org.eclipse.ui.internal.WorkbenchPage.openEditor(WorkbenchPage.java:3108)
	at org.eclipse.ui.internal.WorkbenchPage.openEditor(WorkbenchPage.java:3098)
	at org.eclipse.jdt.internal.ui.javaeditor.EditorUtility.openInEditor(EditorUtility.java:373)
	at org.eclipse.jdt.internal.ui.javaeditor.EditorUtility.openInEditor(EditorUtility.java:179)
	at org.eclipse.jdt.ui.actions.OpenAction.run(OpenAction.java:268)
	at org.eclipse.jdt.ui.actions.OpenAction.run(OpenAction.java:233)
	at org.eclipse.jdt.ui.actions.SelectionDispatchAction.dispatchRun(SelectionDispatchAction.java:275)
	at org.eclipse.jdt.ui.actions.SelectionDispatchAction.run(SelectionDispatchAction.java:251)
	at org.eclipse.jdt.internal.ui.packageview.PackageExplorerActionGroup.handleOpen(PackageExplorerActionGroup.java:376)
	at org.eclipse.jdt.internal.ui.packageview.PackageExplorerPart$4.open(PackageExplorerPart.java:538)
	at org.eclipse.ui.OpenAndLinkWithEditorHelper$InternalListener.open(OpenAndLinkWithEditorHelper.java:48)
	at org.eclipse.jface.viewers.StructuredViewer$2.run(StructuredViewer.java:854)
	at org.eclipse.core.runtime.SafeRunner.run(SafeRunner.java:42)
	at org.eclipse.ui.internal.JFaceUtil$1.run(JFaceUtil.java:50)
	at org.eclipse.jface.util.SafeRunnable.run(SafeRunnable.java:173)
	at org.eclipse.jface.viewers.StructuredViewer.fireOpen(StructuredViewer.java:851)
	at org.eclipse.jface.viewers.StructuredViewer.handleOpen(StructuredViewer.java:1168)
	at org.eclipse.jface.viewers.StructuredViewer$6.handleOpen(StructuredViewer.java:1275)
	at org.eclipse.jface.util.OpenStrategy.fireOpenEvent(OpenStrategy.java:278)
	at org.eclipse.jface.util.OpenStrategy.access$2(OpenStrategy.java:272)
	at org.eclipse.jface.util.OpenStrategy$1.handleEvent(OpenStrategy.java:313)
	at org.eclipse.swt.widgets.EventTable.sendEvent(EventTable.java:84)
	at org.eclipse.swt.widgets.Display.sendEvent(Display.java:4481)
	at org.eclipse.swt.widgets.Widget.sendEvent(Widget.java:1329)
	at org.eclipse.swt.widgets.Display.runDeferredEvents(Display.java:3819)
	at org.eclipse.swt.widgets.Display.readAndDispatch(Display.java:3430)
	at org.eclipse.e4.ui.internal.workbench.swt.PartRenderingEngine$4.run(PartRenderingEngine.java:1127)
	at org.eclipse.core.databinding.observable.Realm.runWithDefault(Realm.java:337)
	at org.eclipse.e4.ui.internal.workbench.swt.PartRenderingEngine.run(PartRenderingEngine.java:1018)
	at org.eclipse.e4.ui.internal.workbench.E4Workbench.createAndRunUI(E4Workbench.java:156)
	at org.eclipse.ui.internal.Workbench$5.run(Workbench.java:694)
	at org.eclipse.core.databinding.observable.Realm.runWithDefault(Realm.java:337)
	at org.eclipse.ui.internal.Workbench.createAndRunWorkbench(Workbench.java:606)
	at org.eclipse.ui.PlatformUI.createAndRunWorkbench(PlatformUI.java:150)
	at org.eclipse.ui.internal.ide.application.IDEApplication.start(IDEApplication.java:139)
	at org.eclipse.equinox.internal.app.EclipseAppHandle.run(EclipseAppHandle.java:196)
	at org.eclipse.core.runtime.internal.adaptor.EclipseAppLauncher.runApplication(EclipseAppLauncher.java:134)
	at org.eclipse.core.runtime.internal.adaptor.EclipseAppLauncher.start(EclipseAppLauncher.java:104)
	at org.eclipse.core.runtime.adaptor.EclipseStarter.run(EclipseStarter.java:380)
	at org.eclipse.core.runtime.adaptor.EclipseStarter.run(EclipseStarter.java:235)
	at sun.reflect.NativeMethodAccessorImpl.invoke0(Native Method)
	at sun.reflect.NativeMethodAccessorImpl.invoke(NativeMethodAccessorImpl.java:57)
	at sun.reflect.DelegatingMethodAccessorImpl.invoke(DelegatingMethodAccessorImpl.java:43)
	at java.lang.reflect.Method.invoke(Method.java:606)
	at org.eclipse.equinox.launcher.Main.invokeFramework(Main.java:669)
	at org.eclipse.equinox.launcher.Main.basicRun(Main.java:608)
	at org.eclipse.equinox.launcher.Main.run(Main.java:1515)
	at org.eclipse.equinox.launcher.Main.main(Main.java:1488)
Caused by: org.eclipse.jface.text.BadPositionCategoryException
	at org.eclipse.jface.text.AbstractDocument.removePositionCategory(AbstractDocument.java:1138)
	at net.sourceforge.vrapper.eclipse.platform.EclipseCursorAndSelection.uninstallHooks(EclipseCursorAndSelection.java:137)
	... 67 more

!ENTRY org.eclipse.jdt.core 4 4 2016-04-24 18:14:53.198
!MESSAGE Could not create binding from binding key: LVertex<LAListGraph;:TE;>;
!STACK 0
java.lang.ClassCastException: org.eclipse.jdt.internal.compiler.lookup.ProblemFieldBinding cannot be cast to org.eclipse.jdt.internal.compiler.lookup.LocalVariableBinding
	at org.eclipse.jdt.internal.compiler.ast.SingleNameReference.localVariableBinding(SingleNameReference.java:853)
	at org.eclipse.jdt.internal.compiler.ast.Assignment.resolveType(Assignment.java:202)
	at org.eclipse.jdt.internal.compiler.ast.Expression.resolve(Expression.java:1020)
	at org.eclipse.jdt.internal.compiler.ast.AbstractMethodDeclaration.resolveStatements(AbstractMethodDeclaration.java:641)
	at org.eclipse.jdt.internal.compiler.ast.MethodDeclaration.resolveStatements(MethodDeclaration.java:309)
	at org.eclipse.jdt.internal.compiler.ast.AbstractMethodDeclaration.resolve(AbstractMethodDeclaration.java:551)
	at org.eclipse.jdt.internal.compiler.ast.TypeDeclaration.resolve(TypeDeclaration.java:1188)
	at org.eclipse.jdt.internal.compiler.ast.TypeDeclaration.resolve(TypeDeclaration.java:1301)
	at org.eclipse.jdt.internal.compiler.ast.CompilationUnitDeclaration.resolve(CompilationUnitDeclaration.java:590)
	at org.eclipse.jdt.internal.compiler.Compiler.process(Compiler.java:861)
	at org.eclipse.jdt.core.dom.CompilationUnitResolver.process(CompilationUnitResolver.java:351)
	at org.eclipse.jdt.internal.core.util.BindingKeyResolver.consumeTopLevelType(BindingKeyResolver.java:535)
	at org.eclipse.jdt.internal.core.util.BindingKeyParser.parse(BindingKeyParser.java:636)
	at org.eclipse.jdt.internal.core.util.BindingKeyParser.parse(BindingKeyParser.java:619)
	at org.eclipse.jdt.internal.core.util.BindingKeyParser.parseTypeArgument(BindingKeyParser.java:996)
	at org.eclipse.jdt.internal.core.util.BindingKeyParser.parseParameterizedType(BindingKeyParser.java:939)
	at org.eclipse.jdt.internal.core.util.BindingKeyParser.parse(BindingKeyParser.java:650)
	at org.eclipse.jdt.internal.core.util.BindingKeyParser.parse(BindingKeyParser.java:619)
	at org.eclipse.jdt.internal.core.util.BindingKeyResolver.getCompilerBinding(BindingKeyResolver.java:694)
	at org.eclipse.jdt.core.dom.CompilationUnitResolver.reportBinding(CompilationUnitResolver.java:1103)
	at org.eclipse.jdt.core.dom.CompilationUnitResolver.resolve(CompilationUnitResolver.java:924)
	at org.eclipse.jdt.core.dom.CompilationUnitResolver.resolve(CompilationUnitResolver.java:588)
	at org.eclipse.jdt.core.dom.ASTParser.createASTs(ASTParser.java:899)
	at org.eclipse.jdt.internal.ui.text.java.LazyGenericTypeProposal.getExpectedType(LazyGenericTypeProposal.java:633)
	at org.eclipse.jdt.internal.ui.text.java.LazyGenericTypeProposal.computeTypeArgumentProposals(LazyGenericTypeProposal.java:331)
	at org.eclipse.jdt.internal.ui.text.java.LazyGenericTypeProposal.apply(LazyGenericTypeProposal.java:221)
	at org.eclipse.jdt.internal.ui.text.java.AbstractJavaCompletionProposal.apply(AbstractJavaCompletionProposal.java:326)
	at org.eclipse.jdt.internal.ui.text.java.AbstractJavaCompletionProposal.apply(AbstractJavaCompletionProposal.java:341)
	at org.eclipse.jdt.internal.ui.text.java.JavaMethodCompletionProposal.apply(JavaMethodCompletionProposal.java:58)
	at org.eclipse.jdt.internal.ui.text.java.ParameterGuessingProposal.apply(ParameterGuessingProposal.java:120)
	at org.eclipse.jdt.internal.ui.text.java.AbstractJavaCompletionProposal.apply(AbstractJavaCompletionProposal.java:504)
	at org.eclipse.jdt.internal.ui.text.java.LazyJavaCompletionProposal.apply(LazyJavaCompletionProposal.java:489)
	at org.eclipse.jface.text.contentassist.CompletionProposalPopup.insertProposal(CompletionProposalPopup.java:963)
	at org.eclipse.jface.text.contentassist.CompletionProposalPopup.insertSelectedProposalWithMask(CompletionProposalPopup.java:914)
	at org.eclipse.jface.text.contentassist.CompletionProposalPopup.verifyKey(CompletionProposalPopup.java:1358)
	at org.eclipse.jface.text.contentassist.ContentAssistant$InternalListener.verifyKey(ContentAssistant.java:814)
	at org.eclipse.jface.text.TextViewer$VerifyKeyListenersManager.verifyKey(TextViewer.java:493)
	at org.eclipse.swt.custom.StyledTextListener.handleEvent(StyledTextListener.java:66)
	at org.eclipse.swt.widgets.EventTable.sendEvent(EventTable.java:84)
	at org.eclipse.swt.widgets.Display.sendEvent(Display.java:4481)
	at org.eclipse.swt.widgets.Widget.sendEvent(Widget.java:1329)
	at org.eclipse.swt.widgets.Widget.sendEvent(Widget.java:1353)
	at org.eclipse.swt.widgets.Widget.sendEvent(Widget.java:1338)
	at org.eclipse.swt.widgets.Widget.notifyListeners(Widget.java:1119)
	at org.eclipse.swt.custom.StyledText.handleKeyDown(StyledText.java:5993)
	at org.eclipse.swt.custom.StyledText$7.handleEvent(StyledText.java:5685)
	at org.eclipse.swt.widgets.EventTable.sendEvent(EventTable.java:84)
	at org.eclipse.swt.widgets.Display.sendEvent(Display.java:4481)
	at org.eclipse.swt.widgets.Widget.sendEvent(Widget.java:1329)
	at org.eclipse.swt.widgets.Widget.sendEvent(Widget.java:1353)
	at org.eclipse.swt.widgets.Widget.sendEvent(Widget.java:1338)
	at org.eclipse.swt.widgets.Widget.sendKeyEvent(Widget.java:1365)
	at org.eclipse.swt.widgets.Widget.gtk_key_press_event(Widget.java:763)
	at org.eclipse.swt.widgets.Control.gtk_key_press_event(Control.java:3325)
	at org.eclipse.swt.widgets.Composite.gtk_key_press_event(Composite.java:793)
	at org.eclipse.swt.widgets.Widget.windowProc(Widget.java:1980)
	at org.eclipse.swt.widgets.Control.windowProc(Control.java:5685)
	at org.eclipse.swt.widgets.Display.windowProc(Display.java:4717)
	at org.eclipse.swt.internal.gtk.OS._gtk_main_do_event(Native Method)
	at org.eclipse.swt.internal.gtk.OS.gtk_main_do_event(OS.java:9326)
	at org.eclipse.swt.widgets.Display.eventProc(Display.java:1225)
	at org.eclipse.swt.internal.gtk.OS._g_main_context_iteration(Native Method)
	at org.eclipse.swt.internal.gtk.OS.g_main_context_iteration(OS.java:2435)
	at org.eclipse.swt.widgets.Display.readAndDispatch(Display.java:3428)
	at org.eclipse.e4.ui.internal.workbench.swt.PartRenderingEngine$4.run(PartRenderingEngine.java:1127)
	at org.eclipse.core.databinding.observable.Realm.runWithDefault(Realm.java:337)
	at org.eclipse.e4.ui.internal.workbench.swt.PartRenderingEngine.run(PartRenderingEngine.java:1018)
	at org.eclipse.e4.ui.internal.workbench.E4Workbench.createAndRunUI(E4Workbench.java:156)
	at org.eclipse.ui.internal.Workbench$5.run(Workbench.java:694)
	at org.eclipse.core.databinding.observable.Realm.runWithDefault(Realm.java:337)
	at org.eclipse.ui.internal.Workbench.createAndRunWorkbench(Workbench.java:606)
	at org.eclipse.ui.PlatformUI.createAndRunWorkbench(PlatformUI.java:150)
	at org.eclipse.ui.internal.ide.application.IDEApplication.start(IDEApplication.java:139)
	at org.eclipse.equinox.internal.app.EclipseAppHandle.run(EclipseAppHandle.java:196)
	at org.eclipse.core.runtime.internal.adaptor.EclipseAppLauncher.runApplication(EclipseAppLauncher.java:134)
	at org.eclipse.core.runtime.internal.adaptor.EclipseAppLauncher.start(EclipseAppLauncher.java:104)
	at org.eclipse.core.runtime.adaptor.EclipseStarter.run(EclipseStarter.java:380)
	at org.eclipse.core.runtime.adaptor.EclipseStarter.run(EclipseStarter.java:235)
	at sun.reflect.NativeMethodAccessorImpl.invoke0(Native Method)
	at sun.reflect.NativeMethodAccessorImpl.invoke(NativeMethodAccessorImpl.java:57)
	at sun.reflect.DelegatingMethodAccessorImpl.invoke(DelegatingMethodAccessorImpl.java:43)
	at java.lang.reflect.Method.invoke(Method.java:606)
	at org.eclipse.equinox.launcher.Main.invokeFramework(Main.java:669)
	at org.eclipse.equinox.launcher.Main.basicRun(Main.java:608)
	at org.eclipse.equinox.launcher.Main.run(Main.java:1515)
	at org.eclipse.equinox.launcher.Main.main(Main.java:1488)

!ENTRY net.sourceforge.vrapper.eclipse 4 0 2016-04-24 18:33:34.288
!MESSAGE Exception during closing IWorkbenchPart
!STACK 0
net.sourceforge.vrapper.platform.VrapperPlatformException: Failed to delete position category
	at net.sourceforge.vrapper.eclipse.platform.EclipseCursorAndSelection.uninstallHooks(EclipseCursorAndSelection.java:141)
	at net.sourceforge.vrapper.eclipse.interceptor.InputInterceptorManager.partClosed(InputInterceptorManager.java:239)
	at net.sourceforge.vrapper.eclipse.interceptor.InputInterceptorManager.partInputChanged(InputInterceptorManager.java:403)
	at org.eclipse.ui.internal.PartService$13.run(PartService.java:240)
	at org.eclipse.core.runtime.SafeRunner.run(SafeRunner.java:42)
	at org.eclipse.ui.internal.PartService.partInputChanged(PartService.java:237)
	at org.eclipse.ui.internal.WorkbenchPage$26.run(WorkbenchPage.java:5202)
	at org.eclipse.core.runtime.SafeRunner.run(SafeRunner.java:42)
	at org.eclipse.ui.internal.WorkbenchPage.firePartInputChanged(WorkbenchPage.java:5199)
	at org.eclipse.ui.internal.e4.compatibility.CompatibilityPart$4.propertyChanged(CompatibilityPart.java:384)
	at org.eclipse.ui.part.WorkbenchPart.firePropertyChange(WorkbenchPart.java:129)
	at org.eclipse.ui.texteditor.AbstractTextEditor.firePropertyChange(AbstractTextEditor.java:6387)
	at org.eclipse.ui.texteditor.AbstractTextEditor.setInputWithNotify(AbstractTextEditor.java:4305)
	at org.eclipse.ui.texteditor.AbstractTextEditor.setInput(AbstractTextEditor.java:4319)
	at org.eclipse.ui.internal.WorkbenchPage.reuseEditor(WorkbenchPage.java:3079)
	at org.eclipse.ui.internal.WorkbenchPage.busyOpenEditor(WorkbenchPage.java:3228)
	at org.eclipse.ui.internal.WorkbenchPage.access$25(WorkbenchPage.java:3167)
	at org.eclipse.ui.internal.WorkbenchPage$10.run(WorkbenchPage.java:3149)
	at org.eclipse.swt.custom.BusyIndicator.showWhile(BusyIndicator.java:70)
	at org.eclipse.ui.internal.WorkbenchPage.openEditor(WorkbenchPage.java:3144)
	at org.eclipse.ui.internal.WorkbenchPage.openEditor(WorkbenchPage.java:3108)
	at org.eclipse.ui.internal.WorkbenchPage.openEditor(WorkbenchPage.java:3098)
	at org.eclipse.jdt.internal.ui.javaeditor.EditorUtility.openInEditor(EditorUtility.java:373)
	at org.eclipse.jdt.internal.ui.javaeditor.EditorUtility.openInEditor(EditorUtility.java:179)
	at org.eclipse.jdt.ui.actions.OpenAction.run(OpenAction.java:268)
	at org.eclipse.jdt.ui.actions.OpenAction.run(OpenAction.java:233)
	at org.eclipse.jdt.ui.actions.SelectionDispatchAction.dispatchRun(SelectionDispatchAction.java:275)
	at org.eclipse.jdt.ui.actions.SelectionDispatchAction.run(SelectionDispatchAction.java:251)
	at org.eclipse.jdt.internal.ui.packageview.PackageExplorerActionGroup.handleOpen(PackageExplorerActionGroup.java:376)
	at org.eclipse.jdt.internal.ui.packageview.PackageExplorerPart$4.open(PackageExplorerPart.java:538)
	at org.eclipse.ui.OpenAndLinkWithEditorHelper$InternalListener.open(OpenAndLinkWithEditorHelper.java:48)
	at org.eclipse.jface.viewers.StructuredViewer$2.run(StructuredViewer.java:854)
	at org.eclipse.core.runtime.SafeRunner.run(SafeRunner.java:42)
	at org.eclipse.ui.internal.JFaceUtil$1.run(JFaceUtil.java:50)
	at org.eclipse.jface.util.SafeRunnable.run(SafeRunnable.java:173)
	at org.eclipse.jface.viewers.StructuredViewer.fireOpen(StructuredViewer.java:851)
	at org.eclipse.jface.viewers.StructuredViewer.handleOpen(StructuredViewer.java:1168)
	at org.eclipse.jface.viewers.StructuredViewer$6.handleOpen(StructuredViewer.java:1275)
	at org.eclipse.jface.util.OpenStrategy.fireOpenEvent(OpenStrategy.java:278)
	at org.eclipse.jface.util.OpenStrategy.access$2(OpenStrategy.java:272)
	at org.eclipse.jface.util.OpenStrategy$1.handleEvent(OpenStrategy.java:313)
	at org.eclipse.swt.widgets.EventTable.sendEvent(EventTable.java:84)
	at org.eclipse.swt.widgets.Display.sendEvent(Display.java:4481)
	at org.eclipse.swt.widgets.Widget.sendEvent(Widget.java:1329)
	at org.eclipse.swt.widgets.Display.runDeferredEvents(Display.java:3819)
	at org.eclipse.swt.widgets.Display.readAndDispatch(Display.java:3430)
	at org.eclipse.e4.ui.internal.workbench.swt.PartRenderingEngine$4.run(PartRenderingEngine.java:1127)
	at org.eclipse.core.databinding.observable.Realm.runWithDefault(Realm.java:337)
	at org.eclipse.e4.ui.internal.workbench.swt.PartRenderingEngine.run(PartRenderingEngine.java:1018)
	at org.eclipse.e4.ui.internal.workbench.E4Workbench.createAndRunUI(E4Workbench.java:156)
	at org.eclipse.ui.internal.Workbench$5.run(Workbench.java:694)
	at org.eclipse.core.databinding.observable.Realm.runWithDefault(Realm.java:337)
	at org.eclipse.ui.internal.Workbench.createAndRunWorkbench(Workbench.java:606)
	at org.eclipse.ui.PlatformUI.createAndRunWorkbench(PlatformUI.java:150)
	at org.eclipse.ui.internal.ide.application.IDEApplication.start(IDEApplication.java:139)
	at org.eclipse.equinox.internal.app.EclipseAppHandle.run(EclipseAppHandle.java:196)
	at org.eclipse.core.runtime.internal.adaptor.EclipseAppLauncher.runApplication(EclipseAppLauncher.java:134)
	at org.eclipse.core.runtime.internal.adaptor.EclipseAppLauncher.start(EclipseAppLauncher.java:104)
	at org.eclipse.core.runtime.adaptor.EclipseStarter.run(EclipseStarter.java:380)
	at org.eclipse.core.runtime.adaptor.EclipseStarter.run(EclipseStarter.java:235)
	at sun.reflect.NativeMethodAccessorImpl.invoke0(Native Method)
	at sun.reflect.NativeMethodAccessorImpl.invoke(NativeMethodAccessorImpl.java:57)
	at sun.reflect.DelegatingMethodAccessorImpl.invoke(DelegatingMethodAccessorImpl.java:43)
	at java.lang.reflect.Method.invoke(Method.java:606)
	at org.eclipse.equinox.launcher.Main.invokeFramework(Main.java:669)
	at org.eclipse.equinox.launcher.Main.basicRun(Main.java:608)
	at org.eclipse.equinox.launcher.Main.run(Main.java:1515)
	at org.eclipse.equinox.launcher.Main.main(Main.java:1488)
Caused by: org.eclipse.jface.text.BadPositionCategoryException
	at org.eclipse.jface.text.AbstractDocument.removePositionCategory(AbstractDocument.java:1138)
	at net.sourceforge.vrapper.eclipse.platform.EclipseCursorAndSelection.uninstallHooks(EclipseCursorAndSelection.java:137)
	... 67 more
